<?xml version="1.0" encoding="UTF-8"?>
<!-- Generated by org.testng.reporters.JUnitReportReporter -->
<testsuite hostname="ATMECSINLT-722" failures="0" tests="2" name="testCases.PortFolioManagement" time="0.001" errors="0" timestamp="16 Mar 2023 11:41:35 GMT" skipped="0">
  <testcase classname="testCases.PortFolioManagement" name="deletePortfolio" time="0.000"/>
  <testcase classname="testCases.PortFolioManagement" name="createPortfolio" time="0.001"/>
</testsuite> <!-- testCases.PortFolioManagement -->
