<?xml version="1.0" encoding="UTF-8"?>
<!-- Generated by org.testng.reporters.JUnitReportReporter -->
<testsuite hostname="ATMECSINLT-722" failures="0" tests="4" name="testCases.StockManagement" time="0.002" errors="0" timestamp="16 Mar 2023 11:27:35 GMT" skipped="0">
  <testcase classname="testCases.StockManagement" name="deleteStock" time="0.000"/>
  <testcase classname="testCases.StockManagement" name="modifyStock" time="0.000"/>
  <testcase classname="testCases.StockManagement" name="addStock" time="0.001"/>
  <testcase classname="testCases.StockManagement" name="verifyStock" time="0.001"/>
</testsuite> <!-- testCases.StockManagement -->
