<?xml version="1.0" encoding="UTF-8"?>
<!-- Generated by org.testng.reporters.JUnitReportReporter -->
<testsuite hostname="ATMECSINLT-722" failures="0" tests="2" name="testCases.Session" time="0.003" errors="0" timestamp="16 Mar 2023 11:41:35 GMT" skipped="0">
  <testcase classname="testCases.Session" name="doLogin" time="0.003"/>
  <testcase classname="testCases.Session" name="doLogin" time="0.000"/>
</testsuite> <!-- testCases.Session -->
