<?xml version="1.0" encoding="UTF-8"?>
<!-- Generated by org.testng.reporters.JUnitReportReporter -->
<testsuite hostname="ATMECSINLT-722" failures="0" tests="1" name="testCases.PortFolioManagement" time="0.001" errors="0" timestamp="20 Mar 2023 11:39:09 GMT" skipped="0">
  <testcase classname="testCases.PortFolioManagement" name="createPortfolio" time="0.001"/>
</testsuite> <!-- testCases.PortFolioManagement -->
